0 info it worked if it ends with ok
1 verbose cli [ 'C:\\Program Files\\nodejs\\node.exe',
1 verbose cli   'C:\\Program Files\\nodejs\\node_modules\\npm\\bin\\npm-cli.js',
1 verbose cli   'install' ]
2 info using npm@3.6.0
3 info using node@v5.7.1
4 silly loadCurrentTree Starting
5 silly install loadCurrentTree
6 silly install readLocalPackageData
7 silly install normalizeTree
8 silly loadCurrentTree Finishing
9 silly loadIdealTree Starting
10 silly install loadIdealTree
11 silly cloneCurrentTree Starting
12 silly install cloneCurrentTreeToIdealTree
13 silly cloneCurrentTree Finishing
14 silly loadShrinkwrap Starting
15 silly install loadShrinkwrap
16 silly loadShrinkwrap Finishing
17 silly loadAllDepsIntoIdealTree Starting
18 silly install loadAllDepsIntoIdealTree
19 silly fetchNamedPackageData socket.io
20 silly mapToRegistry name socket.io
21 silly mapToRegistry using default registry
22 silly mapToRegistry registry https://registry.npmjs.org/
23 silly mapToRegistry uri https://registry.npmjs.org/socket.io
24 silly fetchNamedPackageData express
25 silly mapToRegistry name express
26 silly mapToRegistry using default registry
27 silly mapToRegistry registry https://registry.npmjs.org/
28 silly mapToRegistry uri https://registry.npmjs.org/express
29 verbose request uri https://registry.npmjs.org/socket.io
30 verbose request no auth needed
31 info attempt registry request try #1 at 10:49:53 AM
32 verbose request id 31f2f295af0ec067
33 http request GET https://registry.npmjs.org/socket.io
34 verbose request uri https://registry.npmjs.org/express
35 verbose request no auth needed
36 info attempt registry request try #1 at 10:49:53 AM
37 http request GET https://registry.npmjs.org/express
38 http 200 https://registry.npmjs.org/socket.io
39 verbose headers { date: 'Mon, 15 Mar 2021 07:50:01 GMT',
39 verbose headers   'content-type': 'application/json',
39 verbose headers   'transfer-encoding': 'chunked',
39 verbose headers   connection: 'keep-alive',
39 verbose headers   'set-cookie': [ '__cfduid=d7a5b3bd0c83717a55b05ef008859d56e1615794601; expires=Wed, 14-Apr-21 07:50:01 GMT; path=/; domain=.npmjs.org; HttpOnly; SameSite=Lax' ],
39 verbose headers   'cf-ray': '630426044886407e-LHR',
39 verbose headers   age: '3388',
39 verbose headers   'cache-control': 'public, max-age=300',
39 verbose headers   etag: 'W/"a9e259de06c27cbb3ebc124f69569d02"',
39 verbose headers   'last-modified': 'Wed, 10 Mar 2021 11:45:06 GMT',
39 verbose headers   vary: 'accept-encoding, accept',
39 verbose headers   'cf-cache-status': 'HIT',
39 verbose headers   'cf-request-id': '08d67616af0000407ef204f000000001',
39 verbose headers   'expect-ct': 'max-age=604800, report-uri="https://report-uri.cloudflare.com/cdn-cgi/beacon/expect-ct"',
39 verbose headers   server: 'cloudflare',
39 verbose headers   'content-encoding': 'gzip' }
40 silly get cb [ 200,
40 silly get   { date: 'Mon, 15 Mar 2021 07:50:01 GMT',
40 silly get     'content-type': 'application/json',
40 silly get     'transfer-encoding': 'chunked',
40 silly get     connection: 'keep-alive',
40 silly get     'set-cookie': [ '__cfduid=d7a5b3bd0c83717a55b05ef008859d56e1615794601; expires=Wed, 14-Apr-21 07:50:01 GMT; path=/; domain=.npmjs.org; HttpOnly; SameSite=Lax' ],
40 silly get     'cf-ray': '630426044886407e-LHR',
40 silly get     age: '3388',
40 silly get     'cache-control': 'public, max-age=300',
40 silly get     etag: 'W/"a9e259de06c27cbb3ebc124f69569d02"',
40 silly get     'last-modified': 'Wed, 10 Mar 2021 11:45:06 GMT',
40 silly get     vary: 'accept-encoding, accept',
40 silly get     'cf-cache-status': 'HIT',
40 silly get     'cf-request-id': '08d67616af0000407ef204f000000001',
40 silly get     'expect-ct': 'max-age=604800, report-uri="https://report-uri.cloudflare.com/cdn-cgi/beacon/expect-ct"',
40 silly get     server: 'cloudflare',
40 silly get     'content-encoding': 'gzip' } ]
41 verbose get saving socket.io to C:\Users\KESTONE\AppData\Roaming\npm-cache\registry.npmjs.org\socket.io\.cache.json
42 verbose correctMkdir C:\Users\KESTONE\AppData\Roaming\npm-cache correctMkdir not in flight; initializing
43 verbose stack Error: Missing required argument #1
43 verbose stack     at andLogAndFinish (C:\Users\KESTONE\AppData\Roaming\nvm\v5.7.1\node_modules\npm\lib\fetch-package-metadata.js:31:3)
43 verbose stack     at fetchPackageMetadata (C:\Users\KESTONE\AppData\Roaming\nvm\v5.7.1\node_modules\npm\lib\fetch-package-metadata.js:51:22)
43 verbose stack     at resolveWithNewModule (C:\Users\KESTONE\AppData\Roaming\nvm\v5.7.1\node_modules\npm\lib\install\deps.js:456:12)
43 verbose stack     at C:\Users\KESTONE\AppData\Roaming\nvm\v5.7.1\node_modules\npm\lib\install\deps.js:457:7
43 verbose stack     at C:\Users\KESTONE\AppData\Roaming\nvm\v5.7.1\node_modules\npm\node_modules\iferr\index.js:13:50
43 verbose stack     at C:\Users\KESTONE\AppData\Roaming\nvm\v5.7.1\node_modules\npm\lib\fetch-package-metadata.js:37:12
43 verbose stack     at addRequestedAndFinish (C:\Users\KESTONE\AppData\Roaming\nvm\v5.7.1\node_modules\npm\lib\fetch-package-metadata.js:82:5)
43 verbose stack     at returnAndAddMetadata (C:\Users\KESTONE\AppData\Roaming\nvm\v5.7.1\node_modules\npm\lib\fetch-package-metadata.js:117:7)
43 verbose stack     at pickVersionFromRegistryDocument (C:\Users\KESTONE\AppData\Roaming\nvm\v5.7.1\node_modules\npm\lib\fetch-package-metadata.js:134:20)
43 verbose stack     at C:\Users\KESTONE\AppData\Roaming\nvm\v5.7.1\node_modules\npm\node_modules\iferr\index.js:13:50
44 verbose cwd C:\projects\albums project\Learn-Nodejs-by-building-12-projects\Section 7\4_chatio
45 error Windows_NT 10.0.18363
46 error argv "C:\\Program Files\\nodejs\\node.exe" "C:\\Program Files\\nodejs\\node_modules\\npm\\bin\\npm-cli.js" "install"
47 error node v5.7.1
48 error npm  v3.6.0
49 error code EMISSINGARG
50 error typeerror Error: Missing required argument #1
50 error typeerror     at andLogAndFinish (C:\Users\KESTONE\AppData\Roaming\nvm\v5.7.1\node_modules\npm\lib\fetch-package-metadata.js:31:3)
50 error typeerror     at fetchPackageMetadata (C:\Users\KESTONE\AppData\Roaming\nvm\v5.7.1\node_modules\npm\lib\fetch-package-metadata.js:51:22)
50 error typeerror     at resolveWithNewModule (C:\Users\KESTONE\AppData\Roaming\nvm\v5.7.1\node_modules\npm\lib\install\deps.js:456:12)
50 error typeerror     at C:\Users\KESTONE\AppData\Roaming\nvm\v5.7.1\node_modules\npm\lib\install\deps.js:457:7
50 error typeerror     at C:\Users\KESTONE\AppData\Roaming\nvm\v5.7.1\node_modules\npm\node_modules\iferr\index.js:13:50
50 error typeerror     at C:\Users\KESTONE\AppData\Roaming\nvm\v5.7.1\node_modules\npm\lib\fetch-package-metadata.js:37:12
50 error typeerror     at addRequestedAndFinish (C:\Users\KESTONE\AppData\Roaming\nvm\v5.7.1\node_modules\npm\lib\fetch-package-metadata.js:82:5)
50 error typeerror     at returnAndAddMetadata (C:\Users\KESTONE\AppData\Roaming\nvm\v5.7.1\node_modules\npm\lib\fetch-package-metadata.js:117:7)
50 error typeerror     at pickVersionFromRegistryDocument (C:\Users\KESTONE\AppData\Roaming\nvm\v5.7.1\node_modules\npm\lib\fetch-package-metadata.js:134:20)
50 error typeerror     at C:\Users\KESTONE\AppData\Roaming\nvm\v5.7.1\node_modules\npm\node_modules\iferr\index.js:13:50
51 error typeerror This is an error with npm itself. Please report this error at:
51 error typeerror     <http://github.com/npm/npm/issues>
52 verbose exit [ 1, true ]
